d:\csci576\assignment 1\assignment 1 code\assignment 1 code\generatedfiles\ui_assignment1code.h
d:\csci576\assignment 1\assignment 1 code\assignment 1 code\generatedfiles\qrc_assignment1code.cpp
d:\csci576\assignment 1\assignment 1 code\assignment 1 code\generatedfiles\debug\moc_assignment1code.cpp
d:\csci576\assignment 1\assignment 1 code\assignment 1 code\debug\main.obj
d:\csci576\assignment 1\assignment 1 code\assignment 1 code\debug\moc_assignment1code.obj
d:\csci576\assignment 1\assignment 1 code\assignment 1 code\debug\qrc_assignment1code.obj
d:\csci576\assignment 1\assignment 1 code\assignment 1 code\debug\assignment1code.obj
d:\csci576\assignment 1\assignment 1 code\assignment 1 code\debug\vc141.pdb
d:\csci576\assignment 1\assignment 1 code\assignment 1 code\debug\initialization.obj
d:\csci576\assignment 1\assignment 1 code\assignment 1 code\debug\fileloader.obj
d:\csci576\assignment 1\assignment 1 code\assignment 1 code\debug\slotfunction.obj
d:\csci576\assignment 1\assignment 1 code\assignment 1 code\debug\seamcarving.obj
d:\csci576\assignment 1\assignment 1 code\assignment 1 code\debug\seamcarvingoperator.obj
d:\csci576\assignment 1\assignment 1 code\assignment 1 code\debug\antialiasingoperator.obj
d:\csci576\assignment 1\assignment 1 code\win32\debug\assignment 1 code.exe
d:\csci576\assignment 1\assignment 1 code\win32\debug\assignment 1 code.ilk
d:\csci576\assignment 1\assignment 1 code\win32\debug\assignment 1 code.pdb
d:\csci576\assignment 1\assignment 1 code\assignment 1 code\.\generatedfiles\debug\moc_assignment1code.cpp
d:\csci576\assignment 1\assignment 1 code\assignment 1 code\.\generatedfiles\qrc_assignment1code.cpp
d:\csci576\assignment 1\assignment 1 code\assignment 1 code\.\generatedfiles\ui_assignment1code.h
d:\csci576\assignment 1\assignment 1 code\assignment 1 code\debug\assignme.b12702ad.tlog\assignment 1 code.write.1u.tlog
d:\csci576\assignment 1\assignment 1 code\assignment 1 code\debug\assignme.b12702ad.tlog\cl.command.1.tlog
d:\csci576\assignment 1\assignment 1 code\assignment 1 code\debug\assignme.b12702ad.tlog\cl.read.1.tlog
d:\csci576\assignment 1\assignment 1 code\assignment 1 code\debug\assignme.b12702ad.tlog\cl.write.1.tlog
d:\csci576\assignment 1\assignment 1 code\assignment 1 code\debug\assignme.b12702ad.tlog\link.command.1.tlog
d:\csci576\assignment 1\assignment 1 code\assignment 1 code\debug\assignme.b12702ad.tlog\link.read.1.tlog
d:\csci576\assignment 1\assignment 1 code\assignment 1 code\debug\assignme.b12702ad.tlog\link.write.1.tlog
d:\csci576\assignment 1\assignment 1 code\assignment 1 code\debug\assignme.b12702ad.tlog\moc.read.1u.tlog
d:\csci576\assignment 1\assignment 1 code\assignment 1 code\debug\assignme.b12702ad.tlog\moc.write.1u.tlog
d:\csci576\assignment 1\assignment 1 code\assignment 1 code\debug\assignme.b12702ad.tlog\rcc.read.1u.tlog
d:\csci576\assignment 1\assignment 1 code\assignment 1 code\debug\assignme.b12702ad.tlog\rcc.write.1u.tlog
d:\csci576\assignment 1\assignment 1 code\assignment 1 code\debug\assignme.b12702ad.tlog\uic.read.1u.tlog
d:\csci576\assignment 1\assignment 1 code\assignment 1 code\debug\assignme.b12702ad.tlog\uic.write.1u.tlog
