d:\csci576\assignment 2\assignment 2 code\assignment 2 code\generatedfiles\ui_assignment2code.h
d:\csci576\assignment 2\assignment 2 code\assignment 2 code\generatedfiles\qrc_assignment2code.cpp
d:\csci576\assignment 2\assignment 2 code\assignment 2 code\generatedfiles\debug\moc_assignment2code.cpp
d:\csci576\assignment 2\assignment 2 code\assignment 2 code\debug\assignment2code.obj
d:\csci576\assignment 2\assignment 2 code\assignment 2 code\debug\moc_assignment2code.obj
d:\csci576\assignment 2\assignment 2 code\assignment 2 code\debug\slotfunction.obj
d:\csci576\assignment 2\assignment 2 code\assignment 2 code\debug\main.obj
d:\csci576\assignment 2\assignment 2 code\assignment 2 code\debug\qrc_assignment2code.obj
d:\csci576\assignment 2\assignment 2 code\assignment 2 code\debug\vc141.pdb
d:\csci576\assignment 2\assignment 2 code\assignment 2 code\debug\fileloader.obj
d:\csci576\assignment 2\assignment 2 code\assignment 2 code\.\generatedfiles\debug\moc_assignment2code.cpp
d:\csci576\assignment 2\assignment 2 code\assignment 2 code\.\generatedfiles\qrc_assignment2code.cpp
d:\csci576\assignment 2\assignment 2 code\assignment 2 code\.\generatedfiles\ui_assignment2code.h
d:\csci576\assignment 2\assignment 2 code\win32\debug\assignment 2 code.pdb
d:\csci576\assignment 2\assignment 2 code\assignment 2 code\debug\assignme.b12702ad.tlog\assignment 2 code.write.1u.tlog
d:\csci576\assignment 2\assignment 2 code\assignment 2 code\debug\assignme.b12702ad.tlog\cl.command.1.tlog
d:\csci576\assignment 2\assignment 2 code\assignment 2 code\debug\assignme.b12702ad.tlog\cl.read.1.tlog
d:\csci576\assignment 2\assignment 2 code\assignment 2 code\debug\assignme.b12702ad.tlog\cl.write.1.tlog
d:\csci576\assignment 2\assignment 2 code\assignment 2 code\debug\assignme.b12702ad.tlog\link-cvtres.read.1.tlog
d:\csci576\assignment 2\assignment 2 code\assignment 2 code\debug\assignme.b12702ad.tlog\link-cvtres.write.1.tlog
d:\csci576\assignment 2\assignment 2 code\assignment 2 code\debug\assignme.b12702ad.tlog\link-rc.read.1.tlog
d:\csci576\assignment 2\assignment 2 code\assignment 2 code\debug\assignme.b12702ad.tlog\link-rc.write.1.tlog
d:\csci576\assignment 2\assignment 2 code\assignment 2 code\debug\assignme.b12702ad.tlog\link.command.1.tlog
d:\csci576\assignment 2\assignment 2 code\assignment 2 code\debug\assignme.b12702ad.tlog\link.read.1.tlog
d:\csci576\assignment 2\assignment 2 code\assignment 2 code\debug\assignme.b12702ad.tlog\link.write.1.tlog
d:\csci576\assignment 2\assignment 2 code\assignment 2 code\debug\assignme.b12702ad.tlog\moc.read.1u.tlog
d:\csci576\assignment 2\assignment 2 code\assignment 2 code\debug\assignme.b12702ad.tlog\moc.write.1u.tlog
d:\csci576\assignment 2\assignment 2 code\assignment 2 code\debug\assignme.b12702ad.tlog\rcc.read.1u.tlog
d:\csci576\assignment 2\assignment 2 code\assignment 2 code\debug\assignme.b12702ad.tlog\rcc.write.1u.tlog
d:\csci576\assignment 2\assignment 2 code\assignment 2 code\debug\assignme.b12702ad.tlog\uic.read.1u.tlog
d:\csci576\assignment 2\assignment 2 code\assignment 2 code\debug\assignme.b12702ad.tlog\uic.write.1u.tlog
